<?xml version="1.0" encoding="UTF-8"?>
<testng-results skipped="0" failed="0" ignored="0" total="1" passed="1">
  <reporter-output>
  </reporter-output>
  <suite name="Default suite" duration-ms="26231" started-at="2020-07-24T13:07:05Z" finished-at="2020-07-24T13:07:32Z">
    <groups>
    </groups>
    <test name="Default test" duration-ms="26231" started-at="2020-07-24T13:07:05Z" finished-at="2020-07-24T13:07:32Z">
      <class name="Test.HRPortalExtent">
        <test-method status="PASS" signature="beforeTest()[pri:0, instance:Test.HRPortalExtent@77cd7a0]" name="beforeTest" is-config="true" duration-ms="681" started-at="2020-07-24T13:07:05Z" finished-at="2020-07-24T13:07:06Z">
          <reporter-output>
          </reporter-output>
        </test-method> <!-- beforeTest -->
        <test-method status="PASS" signature="login()[pri:0, instance:Test.HRPortalExtent@77cd7a0]" name="login" duration-ms="23545" started-at="2020-07-24T13:07:06Z" finished-at="2020-07-24T13:07:30Z">
          <reporter-output>
          </reporter-output>
        </test-method> <!-- login -->
        <test-method status="PASS" signature="afterTest()[pri:0, instance:Test.HRPortalExtent@77cd7a0]" name="afterTest" is-config="true" duration-ms="1904" started-at="2020-07-24T13:07:30Z" finished-at="2020-07-24T13:07:32Z">
          <reporter-output>
          </reporter-output>
        </test-method> <!-- afterTest -->
      </class> <!-- Test.HRPortalExtent -->
    </test> <!-- Default test -->
  </suite> <!-- Default suite -->
</testng-results>
